app/(org-tabs)/applicants.tsx(46,55): error TS2339: Property 'success' does not exist on type '{ teal: string; tealSoft: string; purple: string; purpleSoft: string; warning: string; urgencyOrange: string; urgencyRed: string; light: { text: string; background: string; tint: string; tabIconDefault: string; tabIconSelected: string; }; dark: { ...; }; causeTags: Record<...>; }'.
app/(student-tabs)/my-shifts.tsx(68,59): error TS2339: Property 'success' does not exist on type '{ teal: string; tealSoft: string; purple: string; purpleSoft: string; warning: string; urgencyOrange: string; urgencyRed: string; light: { text: string; background: string; tint: string; tabIconDefault: string; tabIconSelected: string; }; dark: { ...; }; causeTags: Record<...>; }'.
app/(student-tabs)/my-shifts.tsx(140,29): error TS2339: Property 'success' does not exist on type '{ teal: string; tealSoft: string; purple: string; purpleSoft: string; warning: string; urgencyOrange: string; urgencyRed: string; light: { text: string; background: string; tint: string; tabIconDefault: string; tabIconSelected: string; }; dark: { ...; }; causeTags: Record<...>; }'.
app/(student-tabs)/my-shifts.tsx(145,19): error TS2339: Property 'success' does not exist on type '{ teal: string; tealSoft: string; purple: string; purpleSoft: string; warning: string; urgencyOrange: string; urgencyRed: string; light: { text: string; background: string; tint: string; tabIconDefault: string; tabIconSelected: string; }; dark: { ...; }; causeTags: Record<...>; }'.
app/(student-tabs)/portfolio.tsx(87,76): error TS2339: Property 'success' does not exist on type '{ teal: string; tealSoft: string; purple: string; purpleSoft: string; warning: string; urgencyOrange: string; urgencyRed: string; light: { text: string; background: string; tint: string; tabIconDefault: string; tabIconSelected: string; }; dark: { ...; }; causeTags: Record<...>; }'.
app/index.tsx(101,19): error TS2322: Type '{}[]' is not assignable to type 'ViewStyle'.
  Types of property 'filter' are incompatible.
    Type '{ <S extends {}>(predicate: (value: {}, index: number, array: {}[]) => value is S, thisArg?: any): S[]; (predicate: (value: {}, index: number, array: {}[]) => unknown, thisArg?: any): {}[]; }' is not assignable to type 'string | readonly FilterFunction[] | undefined'.
app/org/applicants/[opportunityId].tsx(24,68): error TS2339: Property 'success' does not exist on type '{ teal: string; tealSoft: string; purple: string; purpleSoft: string; warning: string; urgencyOrange: string; urgencyRed: string; light: { text: string; background: string; tint: string; tabIconDefault: string; tabIconSelected: string; }; dark: { ...; }; causeTags: Record<...>; }'.
app/org/applicants/[opportunityId].tsx(24,121): error TS2339: Property 'error' does not exist on type '{ teal: string; tealSoft: string; purple: string; purpleSoft: string; warning: string; urgencyOrange: string; urgencyRed: string; light: { text: string; background: string; tint: string; tabIconDefault: string; tabIconSelected: string; }; dark: { ...; }; causeTags: Record<...>; }'.
app/shift/active.tsx(118,29): error TS2339: Property 'success' does not exist on type '{ teal: string; tealSoft: string; purple: string; purpleSoft: string; warning: string; urgencyOrange: string; urgencyRed: string; light: { text: string; background: string; tint: string; tabIconDefault: string; tabIconSelected: string; }; dark: { ...; }; causeTags: Record<...>; }'.
app/shift/active.tsx(123,19): error TS2339: Property 'success' does not exist on type '{ teal: string; tealSoft: string; purple: string; purpleSoft: string; warning: string; urgencyOrange: string; urgencyRed: string; light: { text: string; background: string; tint: string; tabIconDefault: string; tabIconSelected: string; }; dark: { ...; }; causeTags: Record<...>; }'.
components/EditScreenInfo.tsx(8,8): error TS2613: Module '"/Users/akhilkonduru/vsc/Hourly1/apps/mobile/constants/colors"' has no default export. Did you mean to use 'import { Colors } from "/Users/akhilkonduru/vsc/Hourly1/apps/mobile/constants/colors"' instead?
components/EditScreenInfo.tsx(8,20): error TS1149: File name '/Users/akhilkonduru/vsc/Hourly1/apps/mobile/constants/Colors.ts' differs from already included file name '/Users/akhilkonduru/vsc/Hourly1/apps/mobile/constants/colors.ts' only in casing.
  The file is in the program because:
    Matched by include pattern '**/*.ts' in '/Users/akhilkonduru/vsc/Hourly1/apps/mobile/tsconfig.json'
    Imported via '@/constants/Colors' from file '/Users/akhilkonduru/vsc/Hourly1/apps/mobile/components/Themed.tsx'
    Imported via '../constants/colors' from file '/Users/akhilkonduru/vsc/Hourly1/apps/mobile/app/_layout.tsx'
    Imported via '../constants/colors' from file '/Users/akhilkonduru/vsc/Hourly1/apps/mobile/app/index.tsx'
    Imported via '../../constants/colors' from file '/Users/akhilkonduru/vsc/Hourly1/apps/mobile/components/ui/Card.tsx'
    Imported via '../../constants/colors' from file '/Users/akhilkonduru/vsc/Hourly1/apps/mobile/components/ui/PillButton.tsx'
    Imported via '@/constants/Colors' from file '/Users/akhilkonduru/vsc/Hourly1/apps/mobile/components/EditScreenInfo.tsx'
    Imported via '../../constants/colors' from file '/Users/akhilkonduru/vsc/Hourly1/apps/mobile/app/(auth)/sign-in.tsx'
    Imported via '../../constants/colors' from file '/Users/akhilkonduru/vsc/Hourly1/apps/mobile/app/(auth)/sign-up.tsx'
    Imported via '../../constants/colors' from file '/Users/akhilkonduru/vsc/Hourly1/apps/mobile/app/(org-tabs)/_layout.tsx'
    Imported via '../../constants/colors' from file '/Users/akhilkonduru/vsc/Hourly1/apps/mobile/app/(org-tabs)/applicants.tsx'
    Imported via '../../constants/colors' from file '/Users/akhilkonduru/vsc/Hourly1/apps/mobile/components/ui/PillBadge.tsx'
    Imported via '../../constants/colors' from file '/Users/akhilkonduru/vsc/Hourly1/apps/mobile/app/(org-tabs)/dashboard.tsx'
    Imported via '../../constants/colors' from file '/Users/akhilkonduru/vsc/Hourly1/apps/mobile/app/(org-tabs)/events.tsx'
    Imported via '../../constants/colors' from file '/Users/akhilkonduru/vsc/Hourly1/apps/mobile/app/(org-tabs)/org-profile.tsx'
    Imported via '../../constants/colors' from file '/Users/akhilkonduru/vsc/Hourly1/apps/mobile/app/(student-tabs)/_layout.tsx'
    Imported via '../../constants/colors' from file '/Users/akhilkonduru/vsc/Hourly1/apps/mobile/app/(student-tabs)/feed.tsx'
    Imported via '../constants/colors' from file '/Users/akhilkonduru/vsc/Hourly1/apps/mobile/components/OpportunityCard.tsx'
    Imported via '../constants/colors' from file '/Users/akhilkonduru/vsc/Hourly1/apps/mobile/components/FilterBar.tsx'
    Imported via '../../constants/colors' from file '/Users/akhilkonduru/vsc/Hourly1/apps/mobile/app/(student-tabs)/my-shifts.tsx'
    Imported via '../../constants/colors' from file '/Users/akhilkonduru/vsc/Hourly1/apps/mobile/app/(student-tabs)/portfolio.tsx'
    Imported via '../constants/colors' from file '/Users/akhilkonduru/vsc/Hourly1/apps/mobile/components/HoursChart.tsx'
    Imported via '../constants/colors' from file '/Users/akhilkonduru/vsc/Hourly1/apps/mobile/components/BadgeGrid.tsx'
    Imported via '../../constants/colors' from file '/Users/akhilkonduru/vsc/Hourly1/apps/mobile/app/(student-tabs)/profile.tsx'
    Imported via '../../constants/colors' from file '/Users/akhilkonduru/vsc/Hourly1/apps/mobile/app/messages/[applicationId].tsx'
    Imported via '../constants/colors' from file '/Users/akhilkonduru/vsc/Hourly1/apps/mobile/components/MessageThread.tsx'
    Imported via '../../constants/colors' from file '/Users/akhilkonduru/vsc/Hourly1/apps/mobile/app/onboarding/_layout.tsx'
    Imported via '../../constants/colors' from file '/Users/akhilkonduru/vsc/Hourly1/apps/mobile/app/onboarding/availability.tsx'
    Imported via '../../constants/colors' from file '/Users/akhilkonduru/vsc/Hourly1/apps/mobile/components/ui/ProgressBar.tsx'
    Imported via '../../constants/colors' from file '/Users/akhilkonduru/vsc/Hourly1/apps/mobile/app/onboarding/complete.tsx'
    Imported via '../../constants/colors' from file '/Users/akhilkonduru/vsc/Hourly1/apps/mobile/app/onboarding/index.tsx'
    Imported via '../../constants/colors' from file '/Users/akhilkonduru/vsc/Hourly1/apps/mobile/app/onboarding/interests.tsx'
    Imported via '../../constants/colors' from file '/Users/akhilkonduru/vsc/Hourly1/apps/mobile/app/onboarding/school.tsx'
    Imported via '../../constants/colors' from file '/Users/akhilkonduru/vsc/Hourly1/apps/mobile/app/opportunity/[id].tsx'
    Imported via '../constants/colors' from file '/Users/akhilkonduru/vsc/Hourly1/apps/mobile/components/MapPreview.tsx'
    Imported via '../../constants/colors' from file '/Users/akhilkonduru/vsc/Hourly1/apps/mobile/app/org/create-role.tsx'
    Imported via '../../constants/colors' from file '/Users/akhilkonduru/vsc/Hourly1/apps/mobile/app/org/scanner.tsx'
    Imported via '../../../constants/colors' from file '/Users/akhilkonduru/vsc/Hourly1/apps/mobile/app/org/applicants/[opportunityId].tsx'
    Imported via '../../constants/colors' from file '/Users/akhilkonduru/vsc/Hourly1/apps/mobile/app/shift/active.tsx'
    Imported via '../../constants/colors' from file '/Users/akhilkonduru/vsc/Hourly1/apps/mobile/app/shift/checkin.tsx'
components/Themed.tsx(9,8): error TS2613: Module '"/Users/akhilkonduru/vsc/Hourly1/apps/mobile/constants/colors"' has no default export. Did you mean to use 'import { Colors } from "/Users/akhilkonduru/vsc/Hourly1/apps/mobile/constants/colors"' instead?
components/Themed.tsx(9,20): error TS1149: File name '/Users/akhilkonduru/vsc/Hourly1/apps/mobile/constants/Colors.ts' differs from already included file name '/Users/akhilkonduru/vsc/Hourly1/apps/mobile/constants/colors.ts' only in casing.
  The file is in the program because:
    Matched by include pattern '**/*.ts' in '/Users/akhilkonduru/vsc/Hourly1/apps/mobile/tsconfig.json'
    Imported via '@/constants/Colors' from file '/Users/akhilkonduru/vsc/Hourly1/apps/mobile/components/Themed.tsx'
    Imported via '../constants/colors' from file '/Users/akhilkonduru/vsc/Hourly1/apps/mobile/app/_layout.tsx'
    Imported via '../constants/colors' from file '/Users/akhilkonduru/vsc/Hourly1/apps/mobile/app/index.tsx'
    Imported via '../../constants/colors' from file '/Users/akhilkonduru/vsc/Hourly1/apps/mobile/components/ui/Card.tsx'
    Imported via '../../constants/colors' from file '/Users/akhilkonduru/vsc/Hourly1/apps/mobile/components/ui/PillButton.tsx'
    Imported via '@/constants/Colors' from file '/Users/akhilkonduru/vsc/Hourly1/apps/mobile/components/EditScreenInfo.tsx'
    Imported via '../../constants/colors' from file '/Users/akhilkonduru/vsc/Hourly1/apps/mobile/app/(auth)/sign-in.tsx'
    Imported via '../../constants/colors' from file '/Users/akhilkonduru/vsc/Hourly1/apps/mobile/app/(auth)/sign-up.tsx'
    Imported via '../../constants/colors' from file '/Users/akhilkonduru/vsc/Hourly1/apps/mobile/app/(org-tabs)/_layout.tsx'
    Imported via '../../constants/colors' from file '/Users/akhilkonduru/vsc/Hourly1/apps/mobile/app/(org-tabs)/applicants.tsx'
    Imported via '../../constants/colors' from file '/Users/akhilkonduru/vsc/Hourly1/apps/mobile/components/ui/PillBadge.tsx'
    Imported via '../../constants/colors' from file '/Users/akhilkonduru/vsc/Hourly1/apps/mobile/app/(org-tabs)/dashboard.tsx'
    Imported via '../../constants/colors' from file '/Users/akhilkonduru/vsc/Hourly1/apps/mobile/app/(org-tabs)/events.tsx'
    Imported via '../../constants/colors' from file '/Users/akhilkonduru/vsc/Hourly1/apps/mobile/app/(org-tabs)/org-profile.tsx'
    Imported via '../../constants/colors' from file '/Users/akhilkonduru/vsc/Hourly1/apps/mobile/app/(student-tabs)/_layout.tsx'
    Imported via '../../constants/colors' from file '/Users/akhilkonduru/vsc/Hourly1/apps/mobile/app/(student-tabs)/feed.tsx'
    Imported via '../constants/colors' from file '/Users/akhilkonduru/vsc/Hourly1/apps/mobile/components/OpportunityCard.tsx'
    Imported via '../constants/colors' from file '/Users/akhilkonduru/vsc/Hourly1/apps/mobile/components/FilterBar.tsx'
    Imported via '../../constants/colors' from file '/Users/akhilkonduru/vsc/Hourly1/apps/mobile/app/(student-tabs)/my-shifts.tsx'
    Imported via '../../constants/colors' from file '/Users/akhilkonduru/vsc/Hourly1/apps/mobile/app/(student-tabs)/portfolio.tsx'
    Imported via '../constants/colors' from file '/Users/akhilkonduru/vsc/Hourly1/apps/mobile/components/HoursChart.tsx'
    Imported via '../constants/colors' from file '/Users/akhilkonduru/vsc/Hourly1/apps/mobile/components/BadgeGrid.tsx'
    Imported via '../../constants/colors' from file '/Users/akhilkonduru/vsc/Hourly1/apps/mobile/app/(student-tabs)/profile.tsx'
    Imported via '../../constants/colors' from file '/Users/akhilkonduru/vsc/Hourly1/apps/mobile/app/messages/[applicationId].tsx'
    Imported via '../constants/colors' from file '/Users/akhilkonduru/vsc/Hourly1/apps/mobile/components/MessageThread.tsx'
    Imported via '../../constants/colors' from file '/Users/akhilkonduru/vsc/Hourly1/apps/mobile/app/onboarding/_layout.tsx'
    Imported via '../../constants/colors' from file '/Users/akhilkonduru/vsc/Hourly1/apps/mobile/app/onboarding/availability.tsx'
    Imported via '../../constants/colors' from file '/Users/akhilkonduru/vsc/Hourly1/apps/mobile/components/ui/ProgressBar.tsx'
    Imported via '../../constants/colors' from file '/Users/akhilkonduru/vsc/Hourly1/apps/mobile/app/onboarding/complete.tsx'
    Imported via '../../constants/colors' from file '/Users/akhilkonduru/vsc/Hourly1/apps/mobile/app/onboarding/index.tsx'
    Imported via '../../constants/colors' from file '/Users/akhilkonduru/vsc/Hourly1/apps/mobile/app/onboarding/interests.tsx'
    Imported via '../../constants/colors' from file '/Users/akhilkonduru/vsc/Hourly1/apps/mobile/app/onboarding/school.tsx'
    Imported via '../../constants/colors' from file '/Users/akhilkonduru/vsc/Hourly1/apps/mobile/app/opportunity/[id].tsx'
    Imported via '../constants/colors' from file '/Users/akhilkonduru/vsc/Hourly1/apps/mobile/components/MapPreview.tsx'
    Imported via '../../constants/colors' from file '/Users/akhilkonduru/vsc/Hourly1/apps/mobile/app/org/create-role.tsx'
    Imported via '../../constants/colors' from file '/Users/akhilkonduru/vsc/Hourly1/apps/mobile/app/org/scanner.tsx'
    Imported via '../../../constants/colors' from file '/Users/akhilkonduru/vsc/Hourly1/apps/mobile/app/org/applicants/[opportunityId].tsx'
    Imported via '../../constants/colors' from file '/Users/akhilkonduru/vsc/Hourly1/apps/mobile/app/shift/active.tsx'
    Imported via '../../constants/colors' from file '/Users/akhilkonduru/vsc/Hourly1/apps/mobile/app/shift/checkin.tsx'
